📦 Wijzigingen gevonden in content – starten build...

 Quartz v4.5.1  

Cleaned output directory `public` in 4ms
Found 19 input files from `content` in 18ms
Parsing input files using 1 threads

Warning: couldn't find git repository for content

Warning: found invalid date "0" in `index.md`. Supported formats: https://developer.mozilla.org/en-US/docs/Web/JavaScript/Reference/Global_Objects/Date#date_time_string_format

Warning: found invalid date "0" in `notes/roleplay/characters/Abe Shun’ya (Sakai)/New vampire character - creation nottes.md`. Supported formats: https://developer.mozilla.org/en-US/docs/Web/JavaScript/Reference/Global_Objects/Date#date_time_string_format

Warning: found invalid date "0" in `notes/roleplay/characters/Abe Shun’ya (Sakai)/Saskai's Japanese Astrology - Death.md`. Supported formats: https://developer.mozilla.org/en-US/docs/Web/JavaScript/Reference/Global_Objects/Date#date_time_string_format

Warning: found invalid date "0" in `notes/roleplay/characters/Jabari Adewale al-Masari/Jabari Adewale al-Masari.md`. Supported formats: https://developer.mozilla.org/en-US/docs/Web/JavaScript/Reference/Global_Objects/Date#date_time_string_format

Warning: found invalid date "0" in `notes/roleplay/characters/Jabari Adewale al-Masari/Name meaning - Jabari al-Masari.md`. Supported formats: https://developer.mozilla.org/en-US/docs/Web/JavaScript/Reference/Global_Objects/Date#date_time_string_format

Warning: found invalid date "0" in `notes/roleplay/characters/Saalim abu Razin/Known Associates/Saalim's family.md`. Supported formats: https://developer.mozilla.org/en-US/docs/Web/JavaScript/Reference/Global_Objects/Date#date_time_string_format

Warning: found invalid date "0" in `notes/roleplay/characters/Saalim abu Razin/Known Associates/Saalim's known associates.md`. Supported formats: https://developer.mozilla.org/en-US/docs/Web/JavaScript/Reference/Global_Objects/Date#date_time_string_format

Warning: found invalid date "0" in `notes/roleplay/characters/Saalim abu Razin/Session notes/02-05-2025 Saalim.md`. Supported formats: https://developer.mozilla.org/en-US/docs/Web/JavaScript/Reference/Global_Objects/Date#date_time_string_format

Warning: found invalid date "0" in `notes/roleplay/game-mastering/sysdev/epicarcs/DD5 Player's Guide.md`. Supported formats: https://developer.mozilla.org/en-US/docs/Web/JavaScript/Reference/Global_Objects/Date#date_time_string_format

Warning: found invalid date "0" in `notes/roleplay/game-mastering/sysdev/epicarcs/DD5 Skill List.md`. Supported formats: https://developer.mozilla.org/en-US/docs/Web/JavaScript/Reference/Global_Objects/Date#date_time_string_format

Warning: found invalid date "0" in `notes/roleplay/game-mastering/sysdev/epicarcs/Divine Ranks.md`. Supported formats: https://developer.mozilla.org/en-US/docs/Web/JavaScript/Reference/Global_Objects/Date#date_time_string_format

Warning: found invalid date "0" in `notes/roleplay/game-mastering/sysdev/epicarcs/index.md`. Supported formats: https://developer.mozilla.org/en-US/docs/Web/JavaScript/Reference/Global_Objects/Date#date_time_string_format
Parsed 19 Markdown files in 527ms
Filtered out 0 files in 75μs
Emitting files
Emitted 63 files to `public` in 3s
Done processing 19 files in 3s

 Quartz v4.5.1 

Backing up your content
Detected symlink, trying to dereference before committing
